#
# A fatal error has been detected by the Java Runtime Environment:
#
#  Internal Error (javaClasses.cpp:136), pid=20352, tid=3464
#  fatal error: Invalid layout of preloaded class
#
# JRE version:  (7.0_45-b18) (build )
# Java VM: Java HotSpot(TM) 64-Bit Server VM (24.45-b08 mixed mode windows-amd64 compressed oops)
# Failed to write core dump. Minidumps are not enabled by default on client versions of Windows
#
# If you would like to submit a bug report, please visit:
#   http://bugreport.sun.com/bugreport/crash.jsp
#

---------------  T H R E A D  ---------------

Current thread (0x0000000002000800):  JavaThread "Unknown thread" [_thread_in_vm, id=3464, stack(0x0000000001ec0000,0x0000000001fc0000)]

Stack: [0x0000000001ec0000,0x0000000001fc0000]

---------------  P R O C E S S  ---------------

Java Threads: ( => current thread )

Other Threads:

=>0x0000000002000800 (exited) JavaThread "Unknown thread" [_thread_in_vm, id=3464, stack(0x0000000001ec0000,0x0000000001fc0000)]

VM state:not at safepoint (not fully initialized)

VM Mutex/Monitor currently owned by a thread: None

GC Heap History (0 events):
No events

Deoptimization events (0 events):
No events

Internal exceptions (0 events):
No events

Events (10 events):
Event: 0.008 loading class 0x000000000204ebf0 done
Event: 0.009 loading class 0x000000000204e610 done
Event: 0.009 loading class 0x000000000204e5f0
Event: 0.009 loading class 0x0000000002056730
Event: 0.009 loading class 0x0000000002056730 done
Event: 0.009 loading class 0x0000000002056760
Event: 0.009 loading class 0x0000000002056760 done
Event: 0.009 loading class 0x0000000002056790
Event: 0.009 loading class 0x0000000002056790 done
Event: 0.009 loading class 0x000000000204e5f0 done


Dynamic libraries:
0x00007ff72a7d0000 - 0x00007ff72a803000 	C:\Program Files\Java\jre7\bin\javaw.exe
0x00007fffd6ec0000 - 0x00007fffd7066000 	C:\WINDOWS\SYSTEM32\ntdll.dll
0x00007fffd4f90000 - 0x00007fffd50ca000 	C:\WINDOWS\system32\KERNEL32.DLL
0x00007fffd4310000 - 0x00007fffd441f000 	C:\WINDOWS\system32\KERNELBASE.dll
0x00007fffd2db0000 - 0x00007fffd2e38000 	C:\WINDOWS\system32\apphelp.dll
0x00007fffc1f60000 - 0x00007fffc1faf000 	C:\WINDOWS\AppPatch\AppPatch64\AcGenral.DLL
0x00007fffd6bb0000 - 0x00007fffd6c57000 	C:\WINDOWS\system32\msvcrt.dll
0x00007fffd4080000 - 0x00007fffd40ab000 	C:\WINDOWS\SYSTEM32\SspiCli.dll
0x00007fffd6e60000 - 0x00007fffd6eb1000 	C:\WINDOWS\system32\SHLWAPI.dll
0x00007fffd4e10000 - 0x00007fffd4f81000 	C:\WINDOWS\system32\USER32.dll
0x00007fffd4c90000 - 0x00007fffd4e08000 	C:\WINDOWS\system32\ole32.dll
0x00007fffd5470000 - 0x00007fffd687f000 	C:\WINDOWS\system32\SHELL32.dll
0x00007fffd38b0000 - 0x00007fffd38ce000 	C:\WINDOWS\SYSTEM32\USERENV.dll
0x00007fffd5310000 - 0x00007fffd53b5000 	C:\WINDOWS\system32\ADVAPI32.dll
0x00007fffc4f00000 - 0x00007fffc4f1b000 	C:\WINDOWS\SYSTEM32\MPR.dll
0x00007fffd6a70000 - 0x00007fffd6ba7000 	C:\WINDOWS\system32\RPCRT4.dll
0x00007fffd69f0000 - 0x00007fffd6a47000 	C:\WINDOWS\SYSTEM32\sechost.dll
0x00007fffd5130000 - 0x00007fffd5306000 	C:\WINDOWS\SYSTEM32\combase.dll
0x00007fffd47b0000 - 0x00007fffd48f4000 	C:\WINDOWS\system32\GDI32.dll
0x00007fffd4240000 - 0x00007fffd4254000 	C:\WINDOWS\SYSTEM32\profapi.dll
0x00007fffd2e40000 - 0x00007fffd2edf000 	C:\WINDOWS\SYSTEM32\SHCORE.dll
0x00007fffd53c0000 - 0x00007fffd53f4000 	C:\WINDOWS\system32\IMM32.DLL
0x00007fffd6d00000 - 0x00007fffd6e39000 	C:\WINDOWS\system32\MSCTF.dll
0x00007fffd1ca0000 - 0x00007fffd1efa000 	C:\WINDOWS\WinSxS\amd64_microsoft.windows.common-controls_6595b64144ccf1df_6.0.9600.17031_none_6242a4b3ecbb55a1\COMCTL32.dll
0x000000005cf20000 - 0x000000005cff2000 	C:\Program Files\Java\jre7\bin\msvcr100.dll
0x000000005b630000 - 0x000000005bdf9000 	C:\Program Files\Java\jre7\bin\server\jvm.dll
0x00007fffc8510000 - 0x00007fffc8519000 	C:\WINDOWS\SYSTEM32\WSOCK32.dll
0x00007fffd1be0000 - 0x00007fffd1bff000 	C:\WINDOWS\SYSTEM32\WINMM.dll
0x00007fffd5460000 - 0x00007fffd5467000 	C:\WINDOWS\system32\PSAPI.DLL
0x00007fffd5400000 - 0x00007fffd5458000 	C:\WINDOWS\system32\WS2_32.dll
0x00007fffd1950000 - 0x00007fffd197a000 	C:\WINDOWS\SYSTEM32\WINMMBASE.dll
0x00007fffd6e50000 - 0x00007fffd6e59000 	C:\WINDOWS\system32\NSI.dll
0x00007fffd44d0000 - 0x00007fffd451a000 	C:\WINDOWS\SYSTEM32\cfgmgr32.dll
0x00007fffd30c0000 - 0x00007fffd30e6000 	C:\WINDOWS\SYSTEM32\DEVOBJ.dll
0x000000005cf10000 - 0x000000005cf1f000 	C:\Program Files\Java\jre7\bin\verify.dll
0x000000005b600000 - 0x000000005b628000 	C:\Program Files\Java\jre7\bin\java.dll
0x000000005b5e0000 - 0x000000005b5f5000 	C:\Program Files\Java\jre7\bin\zip.dll

VM Arguments:
jvm_args: -Dfile.encoding=Cp1252 -Xbootclasspath:C:\Users\Tetsu\AppData\Local\Android\android-sdk\platforms\android-21\android.jar 
java_command: DotComBust
Launcher Type: SUN_STANDARD

Environment Variables:
JAVA_HOME=C:\Program Files\Java\jdk1.7.0_45
PATH=C:\Python33\Lib\site-packages\PyQt4;C:\Program Files (x86)\NVIDIA Corporation\PhysX\Common;C:\Program Files (x86)\Intel\iCLS Client\;C:\Program Files\Intel\iCLS Client\;C:\WINDOWS\system32;C:\WINDOWS;C:\WINDOWS\System32\Wbem;C:\WINDOWS\System32\WindowsPowerShell\v1.0\;C:\Program Files\Intel\Intel(R) Management Engine Components\DAL;C:\Program Files\Intel\Intel(R) Management Engine Components\IPT;C:\Program Files (x86)\Intel\Intel(R) Management Engine Components\DAL;C:\Program Files (x86)\Intel\Intel(R) Management Engine Components\IPT;C:\Program Files (x86)\Intel\OpenCL SDK\3.0\bin\x86;C:\Program Files (x86)\Intel\OpenCL SDK\3.0\bin\x64;C:\Program Files (x86)\Windows Kits\8.0\Windows Performance Toolkit\;C:\MinGW\bin\;C:\Program Files\Java\jdk1.7.0_45\bin;C:\Program Files\Intel\WiFi\bin\;C:\Program Files\Common Files\Intel\WirelessCommon\
USERNAME=Tetsu
OS=Windows_NT
PROCESSOR_IDENTIFIER=Intel64 Family 6 Model 60 Stepping 3, GenuineIntel



---------------  S Y S T E M  ---------------

OS: Windows 8 , 64 bit Build 9200 

CPU:total 8 (4 cores per cpu, 2 threads per core) family 6 model 60 stepping 3, cmov, cx8, fxsr, mmx, sse, sse2, sse3, ssse3, sse4.1, sse4.2, popcnt, avx, avx2, aes, erms, ht, tsc, tscinvbit

Memory: 4k page, physical 12329240k(7106276k free), swap 14229784k(5879936k free)

vm_info: Java HotSpot(TM) 64-Bit Server VM (24.45-b08) for windows-amd64 JRE (1.7.0_45-b18), built on Oct  8 2013 05:47:22 by "java_re" with unknown MS VC++:1600

time: Mon Nov 24 14:05:22 2014
elapsed time: 0 seconds

